
  .   ____          _            __ _ _
 /\\ / ___'_ __ _ _(_)_ __  __ _ \ \ \ \
( ( )\___ | '_ | '_| | '_ \/ _` | \ \ \ \
 \\/  ___)| |_)| | | | | || (_| |  ) ) ) )
  '  |____| .__|_| |_|_| |_\__, | / / / /
 =========|_|==============|___/=/_/_/_/

 :: Spring Boot ::                (v4.0.2)

2026-02-15T14:11:47.176-03:00  INFO 8496 --- [SimuladorDeRiscos] [           main] c.p.S.SimuladorDeRiscosApplication       : Starting SimuladorDeRiscosApplication v0.0.1-SNAPSHOT using Java 17.0.16 with PID 8496 (D:\Downloads\SimuladorDeRiscos\SimuladorDeRiscos\target\SimuladorDeRiscos-0.0.1-SNAPSHOT.jar started by vinic in D:\Downloads\SimuladorDeRiscos)
2026-02-15T14:11:47.207-03:00  INFO 8496 --- [SimuladorDeRiscos] [           main] c.p.S.SimuladorDeRiscosApplication       : No active profile set, falling back to 1 default profile: "default"
2026-02-15T14:11:52.291-03:00  INFO 8496 --- [SimuladorDeRiscos] [           main] .s.d.r.c.RepositoryConfigurationDelegate : Bootstrapping Spring Data JPA repositories in DEFAULT mode.
2026-02-15T14:11:52.624-03:00  INFO 8496 --- [SimuladorDeRiscos] [           main] .s.d.r.c.RepositoryConfigurationDelegate : Finished Spring Data repository scanning in 257 ms. Found 7 JPA repository interfaces.
2026-02-15T14:11:55.611-03:00  INFO 8496 --- [SimuladorDeRiscos] [           main] o.s.boot.tomcat.TomcatWebServer          : Tomcat initialized with port 8080 (http)
2026-02-15T14:11:55.739-03:00  INFO 8496 --- [SimuladorDeRiscos] [           main] o.apache.catalina.core.StandardService   : Starting service [Tomcat]
2026-02-15T14:11:55.740-03:00  INFO 8496 --- [SimuladorDeRiscos] [           main] o.apache.catalina.core.StandardEngine    : Starting Servlet engine: [Apache Tomcat/11.0.15]
2026-02-15T14:11:55.918-03:00  INFO 8496 --- [SimuladorDeRiscos] [           main] b.w.c.s.WebApplicationContextInitializer : Root WebApplicationContext: initialization completed in 8367 ms
2026-02-15T14:11:57.142-03:00  INFO 8496 --- [SimuladorDeRiscos] [           main] org.hibernate.orm.jpa                    : HHH008540: Processing PersistenceUnitInfo [name: default]
2026-02-15T14:11:57.621-03:00  INFO 8496 --- [SimuladorDeRiscos] [           main] org.hibernate.orm.core                   : HHH000001: Hibernate ORM core version 7.2.1.Final
2026-02-15T14:12:00.276-03:00  INFO 8496 --- [SimuladorDeRiscos] [           main] o.s.o.j.p.SpringPersistenceUnitInfo      : No LoadTimeWeaver setup: ignoring JPA class transformer
2026-02-15T14:12:00.361-03:00  INFO 8496 --- [SimuladorDeRiscos] [           main] com.zaxxer.hikari.HikariDataSource       : HikariPool-1 - Starting...
2026-02-15T14:12:01.486-03:00  INFO 8496 --- [SimuladorDeRiscos] [           main] com.zaxxer.hikari.pool.HikariPool        : HikariPool-1 - Added connection org.postgresql.jdbc.PgConnection@2e1291a4
2026-02-15T14:12:01.496-03:00  INFO 8496 --- [SimuladorDeRiscos] [           main] com.zaxxer.hikari.HikariDataSource       : HikariPool-1 - Start completed.
2026-02-15T14:12:01.690-03:00  WARN 8496 --- [SimuladorDeRiscos] [           main] org.hibernate.orm.deprecation            : HHH90000025: PostgreSQLDialect does not need to be specified explicitly using 'hibernate.dialect' (remove the property setting and it will be selected by default)
2026-02-15T14:12:01.887-03:00  INFO 8496 --- [SimuladorDeRiscos] [           main] org.hibernate.orm.connections.pooling    : HHH10001005: Database info:
	Database JDBC URL [jdbc:postgresql://localhost:5432/simuladorderiscos]
	Database driver: PostgreSQL JDBC Driver
	Database dialect: PostgreSQLDialect
	Database version: 18.1
	Default catalog/schema: simuladorderiscos/public
	Autocommit mode: undefined/unknown
	Isolation level: READ_COMMITTED [default READ_COMMITTED]
	JDBC fetch size: none
	Pool: DataSourceConnectionProvider
	Minimum pool size: undefined/unknown
	Maximum pool size: undefined/unknown
2026-02-15T14:12:04.960-03:00  INFO 8496 --- [SimuladorDeRiscos] [           main] org.hibernate.orm.core                   : HHH000489: No JTA platform available (set 'hibernate.transaction.jta.platform' to enable JTA platform integration)
2026-02-15T14:12:05.122-03:00  INFO 8496 --- [SimuladorDeRiscos] [           main] j.LocalContainerEntityManagerFactoryBean : Initialized JPA EntityManagerFactory for persistence unit 'default'
2026-02-15T14:12:05.345-03:00  INFO 8496 --- [SimuladorDeRiscos] [           main] o.s.d.j.r.query.QueryEnhancerFactories   : Hibernate is in classpath; If applicable, HQL parser will be used.
2026-02-15T14:12:07.582-03:00  WARN 8496 --- [SimuladorDeRiscos] [           main] JpaBaseConfiguration$JpaWebConfiguration : spring.jpa.open-in-view is enabled by default. Therefore, database queries may be performed during view rendering. Explicitly configure spring.jpa.open-in-view to disable this warning
2026-02-15T14:12:07.690-03:00  INFO 8496 --- [SimuladorDeRiscos] [           main] o.s.b.w.a.WelcomePageHandlerMapping      : Adding welcome page: class path resource [static/index.html]
2026-02-15T14:12:10.726-03:00  INFO 8496 --- [SimuladorDeRiscos] [           main] o.s.boot.tomcat.TomcatWebServer          : Tomcat started on port 8080 (http) with context path '/'
2026-02-15T14:12:10.759-03:00  INFO 8496 --- [SimuladorDeRiscos] [           main] c.p.S.SimuladorDeRiscosApplication       : Started SimuladorDeRiscosApplication in 25.668 seconds (process running for 28.098)
2026-02-15T14:36:09.029-03:00  INFO 8496 --- [SimuladorDeRiscos] [nio-8080-exec-1] o.a.c.c.C.[Tomcat].[localhost].[/]       : Initializing Spring DispatcherServlet 'dispatcherServlet'
2026-02-15T14:36:09.029-03:00  INFO 8496 --- [SimuladorDeRiscos] [nio-8080-exec-1] o.s.web.servlet.DispatcherServlet        : Initializing Servlet 'dispatcherServlet'
2026-02-15T14:36:09.032-03:00  INFO 8496 --- [SimuladorDeRiscos] [nio-8080-exec-1] o.s.web.servlet.DispatcherServlet        : Completed initialization in 3 ms
Hibernate: select u1_0.id,u1_0.ativo,u1_0.cpf,u1_0.data_atualizacao,u1_0.data_cadastro,u1_0.email,u1_0.nome,u1_0.senha from usuarios u1_0 where u1_0.email=?
Hibernate: select u1_0.id,u1_0.ativo,u1_0.cpf,u1_0.data_atualizacao,u1_0.data_cadastro,u1_0.email,u1_0.nome,u1_0.senha from usuarios u1_0 where u1_0.email=?
Hibernate: select u1_0.id,u1_0.ativo,u1_0.cpf,u1_0.data_atualizacao,u1_0.data_cadastro,u1_0.email,u1_0.nome,u1_0.senha from usuarios u1_0 where u1_0.email=?
Hibernate: select u1_0.id,u1_0.ativo,u1_0.cpf,u1_0.data_atualizacao,u1_0.data_cadastro,u1_0.email,u1_0.nome,u1_0.senha from usuarios u1_0 where u1_0.email=?
Hibernate: select u1_0.id,u1_0.ativo,u1_0.cpf,u1_0.data_atualizacao,u1_0.data_cadastro,u1_0.email,u1_0.nome,u1_0.senha from usuarios u1_0 where u1_0.cpf=?
Hibernate: insert into usuarios (ativo,cpf,data_atualizacao,data_cadastro,email,nome,senha,id) values (?,?,?,?,?,?,?,?)
Hibernate: select u1_0.id,u1_0.ativo,u1_0.cpf,u1_0.data_atualizacao,u1_0.data_cadastro,u1_0.email,u1_0.nome,u1_0.senha from usuarios u1_0 where u1_0.email=?
Hibernate: select u1_0.id,u1_0.ativo,u1_0.cpf,u1_0.data_atualizacao,u1_0.data_cadastro,u1_0.email,u1_0.nome,u1_0.senha from usuarios u1_0 where u1_0.id=?
Hibernate: select a1_0.id,a1_0.ativo,a1_0.data_atualizacao,a1_0.data_criacao,a1_0.nivel_risco,a1_0.porcentagem_total,a1_0.usuario_id from avaliacoes a1_0 where a1_0.usuario_id=?
Hibernate: select u1_0.id,u1_0.ativo,u1_0.cpf,u1_0.data_atualizacao,u1_0.data_cadastro,u1_0.email,u1_0.nome,u1_0.senha from usuarios u1_0 where u1_0.id=?
Hibernate: insert into avaliacoes (ativo,data_atualizacao,data_criacao,nivel_risco,porcentagem_total,usuario_id,id) values (?,?,?,?,?,?,?)
Hibernate: select p1_0.id,p1_0.ativo,p1_0.categoria,p1_0.pergunta from perguntas p1_0 where p1_0.ativo=true
Hibernate: select p1_0.id,p1_0.ativo,p1_0.categoria,p1_0.pergunta from perguntas p1_0 where p1_0.ativo=true
Hibernate: select p1_0.id,p1_0.ativo,p1_0.categoria,p1_0.pergunta from perguntas p1_0 where p1_0.ativo=true
Hibernate: select p1_0.id,p1_0.ativo,p1_0.categoria,p1_0.pergunta from perguntas p1_0 where p1_0.ativo=true
Hibernate: select p1_0.id,p1_0.ativo,p1_0.categoria,p1_0.pergunta from perguntas p1_0 where p1_0.ativo=true
2026-02-15T14:38:51.825-03:00  INFO 8496 --- [SimuladorDeRiscos] [nio-8080-exec-1] o.springdoc.api.AbstractOpenApiResource  : Init duration for springdoc-openapi is: 1226 ms
Hibernate: select u1_0.id,u1_0.ativo,u1_0.cpf,u1_0.data_atualizacao,u1_0.data_cadastro,u1_0.email,u1_0.nome,u1_0.senha from usuarios u1_0
Usuários encontrados: 3
